build/app/intermediates/manifest_merge_blame_file/debug/manifest-merger-blame-debug-report.txt
1<?xml version="1.0" encoding="utf-8"?>
2<manifest xmlns:android="http://schemas.android.com/apk/res/android"
3    package="com.example.e_commerce"
4    android:versionCode="1"
5    android:versionName="1.0.0" >
6
7    <uses-sdk
8        android:minSdkVersion="26"
9        android:targetSdkVersion="30" />
10    <!--
11         Flutter needs it to communicate with the running application
12         to allow setting breakpoints, to provide hot reload, etc.
13    -->
14    <uses-permission android:name="android.permission.INTERNET" />
14-->src\debug\AndroidManifest.xml:6:5-66
14-->src\debug\AndroidManifest.xml:6:22-64
15    <uses-permission android:name="android.permission.ACCESS_FINE_LOCATION" />
15-->src\main\AndroidManifest.xml:51:5-79
15-->src\main\AndroidManifest.xml:51:22-76
16    <uses-permission android:name="android.permission.READ_EXTERNAL_STORAGE" />
16-->[:image_picker] AndroidManifest.xml:7:5-80
16-->[:image_picker] AndroidManifest.xml:7:22-77
17    <uses-permission android:name="android.permission.WRITE_EXTERNAL_STORAGE" /> <!-- Although the *SdkVersion is captured in gradle build files, this is required for non gradle builds -->
17-->[:image_picker] AndroidManifest.xml:8:5-81
17-->[:image_picker] AndroidManifest.xml:8:22-78
18    <!-- <uses-sdk android:minSdkVersion="14" /> -->
19    <uses-permission android:name="android.permission.ACCESS_NETWORK_STATE" />
19-->[com.google.firebase:firebase-firestore:23.0.1] AndroidManifest.xml:13:5-79
19-->[com.google.firebase:firebase-firestore:23.0.1] AndroidManifest.xml:13:22-76
20
21    <uses-feature
21-->[com.google.android.gms:play-services-maps:17.0.0] AndroidManifest.xml:26:5-28:35
22        android:glEsVersion="0x00020000"
22-->[com.google.android.gms:play-services-maps:17.0.0] AndroidManifest.xml:27:9-41
23        android:required="true" />
23-->[com.google.android.gms:play-services-maps:17.0.0] AndroidManifest.xml:28:9-32
24
25    <uses-permission android:name="android.permission.WAKE_LOCK" />
25-->[com.google.android.gms:play-services-measurement-api:19.0.0] AndroidManifest.xml:24:5-68
25-->[com.google.android.gms:play-services-measurement-api:19.0.0] AndroidManifest.xml:24:22-65
26    <uses-permission android:name="com.google.android.finsky.permission.BIND_GET_INSTALL_REFERRER_SERVICE" />
26-->[com.google.android.gms:play-services-measurement:19.0.0] AndroidManifest.xml:26:5-110
26-->[com.google.android.gms:play-services-measurement:19.0.0] AndroidManifest.xml:26:22-107
27    <!--
28 io.flutter.app.FlutterApplication is an android.app.Application that
29         calls FlutterMain.startInitialization(this); in its onCreate method.
30         In most cases you can leave this as-is, but you if you want to provide
31         additional functionality it is fine to subclass or reimplement
32         FlutterApplication and put your custom class here.
33    -->
34    <application
34-->src\main\AndroidManifest.xml:8:5-50:19
35        android:name="io.flutter.app.FlutterApplication"
35-->src\main\AndroidManifest.xml:9:9-57
36        android:appComponentFactory="androidx.core.app.CoreComponentFactory"
36-->[androidx.core:core:1.1.0] AndroidManifest.xml:24:18-86
37        android:debuggable="true"
38        android:icon="@mipmap/ic_launcher"
38-->src\main\AndroidManifest.xml:11:9-43
39        android:label="Travel Nepal" >
39-->src\main\AndroidManifest.xml:10:9-37
40        <activity
40-->src\main\AndroidManifest.xml:13:9-41:20
41            android:name="com.example.e_commerce.MainActivity"
41-->src\main\AndroidManifest.xml:14:13-41
42            android:configChanges="orientation|keyboardHidden|keyboard|screenSize|smallestScreenSize|locale|layoutDirection|fontScale|screenLayout|density|uiMode"
42-->src\main\AndroidManifest.xml:17:13-163
43            android:hardwareAccelerated="true"
43-->src\main\AndroidManifest.xml:18:13-47
44            android:launchMode="singleTop"
44-->src\main\AndroidManifest.xml:15:13-43
45            android:theme="@style/LaunchTheme"
45-->src\main\AndroidManifest.xml:16:13-47
46            android:windowSoftInputMode="adjustResize" >
46-->src\main\AndroidManifest.xml:19:13-55
47
48            <!--
49                 Specifies an Android theme to apply to this Activity as soon as
50                 the Android process has started. This theme is visible to the user
51                 while the Flutter UI initializes. After that, this theme continues
52                 to determine the Window background behind the Flutter UI.
53            -->
54            <meta-data
54-->src\main\AndroidManifest.xml:24:13-27:17
55                android:name="io.flutter.embedding.android.NormalTheme"
55-->src\main\AndroidManifest.xml:25:15-70
56                android:resource="@style/NormalTheme" />
56-->src\main\AndroidManifest.xml:26:15-52
57            <!--
58                 Displays an Android View that continues showing the launch screen
59                 Drawable until Flutter paints its first frame, then this splash
60                 screen fades out. A splash screen is useful to avoid any visual
61                 gap between the end of Android's launch screen and the painting of
62                 Flutter's first frame.
63            -->
64            <meta-data
64-->src\main\AndroidManifest.xml:33:13-36:17
65                android:name="io.flutter.embedding.android.SplashScreenDrawable"
65-->src\main\AndroidManifest.xml:34:15-79
66                android:resource="@drawable/launch_background" />
66-->src\main\AndroidManifest.xml:35:15-61
67
68            <intent-filter>
68-->src\main\AndroidManifest.xml:37:13-40:29
69                <action android:name="android.intent.action.MAIN" />
69-->src\main\AndroidManifest.xml:38:17-68
69-->src\main\AndroidManifest.xml:38:25-66
70
71                <category android:name="android.intent.category.LAUNCHER" />
71-->src\main\AndroidManifest.xml:39:17-76
71-->src\main\AndroidManifest.xml:39:27-74
72            </intent-filter>
73        </activity>
74        <!--
75             Don't delete the meta-data below.
76             This is used by the Flutter tool to generate GeneratedPluginRegistrant.java
77        -->
78        <meta-data
78-->src\main\AndroidManifest.xml:44:9-46:33
79            android:name="flutterEmbedding"
79-->src\main\AndroidManifest.xml:45:13-44
80            android:value="2" />
80-->src\main\AndroidManifest.xml:46:13-30
81        <meta-data
81-->src\main\AndroidManifest.xml:47:13-48:77
82            android:name="com.google.android.geo.API_KEY"
82-->src\main\AndroidManifest.xml:47:24-69
83            android:value="AIzaSyDfKz6MK_DT0jH07nDytHm5eUiP93zbCz0" />
83-->src\main\AndroidManifest.xml:48:20-75
84
85        <service
85-->[:firebase_auth] AndroidManifest.xml:8:9-12:19
86            android:name="com.google.firebase.components.ComponentDiscoveryService"
86-->[:firebase_auth] AndroidManifest.xml:8:18-89
87            android:directBootAware="true"
87-->[com.google.firebase:firebase-common:20.0.0] AndroidManifest.xml:35:13-43
88            android:exported="false" >
88-->[com.google.firebase:firebase-firestore:23.0.1] AndroidManifest.xml:19:13-37
89            <meta-data
89-->[:firebase_auth] AndroidManifest.xml:9:13-11:85
90                android:name="com.google.firebase.components:io.flutter.plugins.firebase.auth.FlutterFirebaseAuthRegistrar"
90-->[:firebase_auth] AndroidManifest.xml:10:17-124
91                android:value="com.google.firebase.components.ComponentRegistrar" />
91-->[:firebase_auth] AndroidManifest.xml:11:17-82
92            <meta-data
92-->[:firebase_storage] AndroidManifest.xml:9:13-11:85
93                android:name="com.google.firebase.components:io.flutter.plugins.firebase.storage.FlutterFirebaseAppRegistrar"
93-->[:firebase_storage] AndroidManifest.xml:10:17-126
94                android:value="com.google.firebase.components.ComponentRegistrar" />
94-->[:firebase_storage] AndroidManifest.xml:11:17-82
95            <meta-data
95-->[:cloud_firestore] AndroidManifest.xml:9:13-11:85
96                android:name="com.google.firebase.components:io.flutter.plugins.firebase.firestore.FlutterFirebaseFirestoreRegistrar"
96-->[:cloud_firestore] AndroidManifest.xml:10:17-134
97                android:value="com.google.firebase.components.ComponentRegistrar" />
97-->[:cloud_firestore] AndroidManifest.xml:11:17-82
98            <meta-data
98-->[:firebase_core] AndroidManifest.xml:9:13-11:85
99                android:name="com.google.firebase.components:io.flutter.plugins.firebase.core.FlutterFirebaseCoreRegistrar"
99-->[:firebase_core] AndroidManifest.xml:10:17-124
100                android:value="com.google.firebase.components.ComponentRegistrar" />
100-->[:firebase_core] AndroidManifest.xml:11:17-82
101            <meta-data
101-->[com.google.firebase:firebase-firestore:23.0.1] AndroidManifest.xml:20:13-22:85
102                android:name="com.google.firebase.components:com.google.firebase.firestore.FirestoreRegistrar"
102-->[com.google.firebase:firebase-firestore:23.0.1] AndroidManifest.xml:21:17-111
103                android:value="com.google.firebase.components.ComponentRegistrar" />
103-->[com.google.firebase:firebase-firestore:23.0.1] AndroidManifest.xml:22:17-82
104            <meta-data
104-->[com.google.firebase:firebase-storage:20.0.0] AndroidManifest.xml:33:13-35:85
105                android:name="com.google.firebase.components:com.google.firebase.storage.StorageRegistrar"
105-->[com.google.firebase:firebase-storage:20.0.0] AndroidManifest.xml:34:17-107
106                android:value="com.google.firebase.components.ComponentRegistrar" />
106-->[com.google.firebase:firebase-storage:20.0.0] AndroidManifest.xml:35:17-82
107            <meta-data
107-->[com.google.firebase:firebase-auth:21.0.1] AndroidManifest.xml:77:13-79:85
108                android:name="com.google.firebase.components:com.google.firebase.auth.FirebaseAuthRegistrar"
108-->[com.google.firebase:firebase-auth:21.0.1] AndroidManifest.xml:78:17-109
109                android:value="com.google.firebase.components.ComponentRegistrar" />
109-->[com.google.firebase:firebase-auth:21.0.1] AndroidManifest.xml:79:17-82
110            <meta-data
110-->[com.google.android.gms:play-services-measurement-api:19.0.0] AndroidManifest.xml:30:13-32:85
111                android:name="com.google.firebase.components:com.google.firebase.analytics.connector.internal.AnalyticsConnectorRegistrar"
111-->[com.google.android.gms:play-services-measurement-api:19.0.0] AndroidManifest.xml:31:17-139
112                android:value="com.google.firebase.components.ComponentRegistrar" />
112-->[com.google.android.gms:play-services-measurement-api:19.0.0] AndroidManifest.xml:32:17-82
113            <meta-data
113-->[com.google.firebase:firebase-installations:17.0.0] AndroidManifest.xml:18:13-20:85
114                android:name="com.google.firebase.components:com.google.firebase.installations.FirebaseInstallationsRegistrar"
114-->[com.google.firebase:firebase-installations:17.0.0] AndroidManifest.xml:19:17-127
115                android:value="com.google.firebase.components.ComponentRegistrar" />
115-->[com.google.firebase:firebase-installations:17.0.0] AndroidManifest.xml:20:17-82
116        </service>
117
118        <provider
118-->[:image_picker] AndroidManifest.xml:11:9-19:20
119            android:name="io.flutter.plugins.imagepicker.ImagePickerFileProvider"
119-->[:image_picker] AndroidManifest.xml:12:13-82
120            android:authorities="com.example.e_commerce.flutter.image_provider"
120-->[:image_picker] AndroidManifest.xml:13:13-74
121            android:exported="false"
121-->[:image_picker] AndroidManifest.xml:14:13-37
122            android:grantUriPermissions="true" >
122-->[:image_picker] AndroidManifest.xml:15:13-47
123            <meta-data
123-->[:image_picker] AndroidManifest.xml:16:13-18:75
124                android:name="android.support.FILE_PROVIDER_PATHS"
124-->[:image_picker] AndroidManifest.xml:17:17-67
125                android:resource="@xml/flutter_image_picker_file_paths" />
125-->[:image_picker] AndroidManifest.xml:18:17-72
126        </provider>
127
128        <activity
128-->[:url_launcher] AndroidManifest.xml:8:9-11:74
129            android:name="io.flutter.plugins.urllauncher.WebViewActivity"
129-->[:url_launcher] AndroidManifest.xml:9:13-74
130            android:exported="false"
130-->[:url_launcher] AndroidManifest.xml:10:13-37
131            android:theme="@android:style/Theme.NoTitleBar.Fullscreen" />
131-->[:url_launcher] AndroidManifest.xml:11:13-71
132        <activity
132-->[:razorpay_flutter] AndroidManifest.xml:8:9-11:20
133            android:name="com.razorpay.CheckoutActivity"
133-->[:razorpay_flutter] AndroidManifest.xml:9:13-57
134            android:configChanges="keyboard|keyboardHidden|orientation|screenSize"
134-->[com.razorpay:checkout:1.6.6] AndroidManifest.xml:20:13-83
135            android:label="Razorpay Checkout"
135-->[:razorpay_flutter] AndroidManifest.xml:10:13-46
136            android:theme="@style/CheckoutTheme" >
136-->[com.razorpay:checkout:1.6.6] AndroidManifest.xml:21:13-49
137            <intent-filter>
137-->[com.razorpay:checkout:1.6.6] AndroidManifest.xml:22:13-28:29
138                <action android:name="android.intent.action.MAIN" />
138-->src\main\AndroidManifest.xml:38:17-68
138-->src\main\AndroidManifest.xml:38:25-66
139
140                <data
140-->[com.google.firebase:firebase-auth:21.0.1] AndroidManifest.xml:39:17-42:51
141                    android:host="rzp.io"
141-->[com.google.firebase:firebase-auth:21.0.1] AndroidManifest.xml:40:21-49
142                    android:scheme="io.rzp" />
142-->[com.google.firebase:firebase-auth:21.0.1] AndroidManifest.xml:42:21-48
143            </intent-filter>
144        </activity> <!-- Needs to be explicitly declared on P+ -->
145        <uses-library
145-->[com.google.android.gms:play-services-maps:17.0.0] AndroidManifest.xml:33:9-35:40
146            android:name="org.apache.http.legacy"
146-->[com.google.android.gms:play-services-maps:17.0.0] AndroidManifest.xml:34:13-50
147            android:required="false" />
147-->[com.google.android.gms:play-services-maps:17.0.0] AndroidManifest.xml:35:13-37
148
149        <activity
149-->[com.google.firebase:firebase-auth:21.0.1] AndroidManifest.xml:27:9-44:20
150            android:name="com.google.firebase.auth.internal.GenericIdpActivity"
150-->[com.google.firebase:firebase-auth:21.0.1] AndroidManifest.xml:28:13-80
151            android:excludeFromRecents="true"
151-->[com.google.firebase:firebase-auth:21.0.1] AndroidManifest.xml:29:13-46
152            android:exported="true"
152-->[com.google.firebase:firebase-auth:21.0.1] AndroidManifest.xml:30:13-36
153            android:launchMode="singleTask"
153-->[com.google.firebase:firebase-auth:21.0.1] AndroidManifest.xml:31:13-44
154            android:theme="@android:style/Theme.Translucent.NoTitleBar" >
154-->[com.google.firebase:firebase-auth:21.0.1] AndroidManifest.xml:32:13-72
155            <intent-filter>
155-->[com.google.firebase:firebase-auth:21.0.1] AndroidManifest.xml:33:13-43:29
156                <action android:name="android.intent.action.VIEW" />
156-->[com.google.firebase:firebase-auth:21.0.1] AndroidManifest.xml:34:17-69
156-->[com.google.firebase:firebase-auth:21.0.1] AndroidManifest.xml:34:25-66
157
158                <category android:name="android.intent.category.DEFAULT" />
158-->[com.google.firebase:firebase-auth:21.0.1] AndroidManifest.xml:36:17-76
158-->[com.google.firebase:firebase-auth:21.0.1] AndroidManifest.xml:36:27-73
159                <category android:name="android.intent.category.BROWSABLE" />
159-->[com.google.firebase:firebase-auth:21.0.1] AndroidManifest.xml:37:17-78
159-->[com.google.firebase:firebase-auth:21.0.1] AndroidManifest.xml:37:27-75
160
161                <data
161-->[com.google.firebase:firebase-auth:21.0.1] AndroidManifest.xml:39:17-42:51
162                    android:host="firebase.auth"
162-->[com.google.firebase:firebase-auth:21.0.1] AndroidManifest.xml:40:21-49
163                    android:path="/"
163-->[com.google.firebase:firebase-auth:21.0.1] AndroidManifest.xml:41:21-37
164                    android:scheme="genericidp" />
164-->[com.google.firebase:firebase-auth:21.0.1] AndroidManifest.xml:42:21-48
165            </intent-filter>
166        </activity>
167        <activity
167-->[com.google.firebase:firebase-auth:21.0.1] AndroidManifest.xml:45:9-62:20
168            android:name="com.google.firebase.auth.internal.RecaptchaActivity"
168-->[com.google.firebase:firebase-auth:21.0.1] AndroidManifest.xml:46:13-79
169            android:excludeFromRecents="true"
169-->[com.google.firebase:firebase-auth:21.0.1] AndroidManifest.xml:47:13-46
170            android:exported="true"
170-->[com.google.firebase:firebase-auth:21.0.1] AndroidManifest.xml:48:13-36
171            android:launchMode="singleTask"
171-->[com.google.firebase:firebase-auth:21.0.1] AndroidManifest.xml:49:13-44
172            android:theme="@android:style/Theme.Translucent.NoTitleBar" >
172-->[com.google.firebase:firebase-auth:21.0.1] AndroidManifest.xml:50:13-72
173            <intent-filter>
173-->[com.google.firebase:firebase-auth:21.0.1] AndroidManifest.xml:51:13-61:29
174                <action android:name="android.intent.action.VIEW" />
174-->[com.google.firebase:firebase-auth:21.0.1] AndroidManifest.xml:34:17-69
174-->[com.google.firebase:firebase-auth:21.0.1] AndroidManifest.xml:34:25-66
175
176                <category android:name="android.intent.category.DEFAULT" />
176-->[com.google.firebase:firebase-auth:21.0.1] AndroidManifest.xml:36:17-76
176-->[com.google.firebase:firebase-auth:21.0.1] AndroidManifest.xml:36:27-73
177                <category android:name="android.intent.category.BROWSABLE" />
177-->[com.google.firebase:firebase-auth:21.0.1] AndroidManifest.xml:37:17-78
177-->[com.google.firebase:firebase-auth:21.0.1] AndroidManifest.xml:37:27-75
178
179                <data
179-->[com.google.firebase:firebase-auth:21.0.1] AndroidManifest.xml:39:17-42:51
180                    android:host="firebase.auth"
180-->[com.google.firebase:firebase-auth:21.0.1] AndroidManifest.xml:40:21-49
181                    android:path="/"
181-->[com.google.firebase:firebase-auth:21.0.1] AndroidManifest.xml:41:21-37
182                    android:scheme="recaptcha" />
182-->[com.google.firebase:firebase-auth:21.0.1] AndroidManifest.xml:42:21-48
183            </intent-filter>
184        </activity>
185
186        <service
186-->[com.google.firebase:firebase-auth:21.0.1] AndroidManifest.xml:64:9-73:19
187            android:name="com.google.firebase.auth.api.fallback.service.FirebaseAuthFallbackService"
187-->[com.google.firebase:firebase-auth:21.0.1] AndroidManifest.xml:65:13-101
188            android:enabled="true"
188-->[com.google.firebase:firebase-auth:21.0.1] AndroidManifest.xml:66:13-35
189            android:exported="false" >
189-->[com.google.firebase:firebase-auth:21.0.1] AndroidManifest.xml:67:13-37
190            <intent-filter>
190-->[com.google.firebase:firebase-auth:21.0.1] AndroidManifest.xml:68:13-72:29
191                <action android:name="com.google.firebase.auth.api.gms.service.START" />
191-->[com.google.firebase:firebase-auth:21.0.1] AndroidManifest.xml:69:17-89
191-->[com.google.firebase:firebase-auth:21.0.1] AndroidManifest.xml:69:25-86
192
193                <category android:name="android.intent.category.DEFAULT" />
193-->[com.google.firebase:firebase-auth:21.0.1] AndroidManifest.xml:36:17-76
193-->[com.google.firebase:firebase-auth:21.0.1] AndroidManifest.xml:36:27-73
194            </intent-filter>
195        </service>
196
197        <receiver android:name="com.razorpay.RzpTokenReceiver" >
197-->[com.razorpay:checkout:1.6.6] AndroidManifest.xml:12:9-16:20
197-->[com.razorpay:checkout:1.6.6] AndroidManifest.xml:12:19-63
198            <intent-filter>
198-->[com.razorpay:checkout:1.6.6] AndroidManifest.xml:13:13-15:29
199                <action android:name="rzp.device_token.share" />
199-->[com.razorpay:checkout:1.6.6] AndroidManifest.xml:14:17-65
199-->[com.razorpay:checkout:1.6.6] AndroidManifest.xml:14:25-62
200            </intent-filter>
201        </receiver>
202
203        <activity
203-->[com.google.android.gms:play-services-auth:17.0.0] AndroidManifest.xml:23:9-27:75
204            android:name="com.google.android.gms.auth.api.signin.internal.SignInHubActivity"
204-->[com.google.android.gms:play-services-auth:17.0.0] AndroidManifest.xml:24:13-93
205            android:excludeFromRecents="true"
205-->[com.google.android.gms:play-services-auth:17.0.0] AndroidManifest.xml:25:13-46
206            android:exported="false"
206-->[com.google.android.gms:play-services-auth:17.0.0] AndroidManifest.xml:26:13-37
207            android:theme="@android:style/Theme.Translucent.NoTitleBar" />
207-->[com.google.android.gms:play-services-auth:17.0.0] AndroidManifest.xml:27:13-72
208        <!--
209            Service handling Google Sign-In user revocation. For apps that do not integrate with
210            Google Sign-In, this service will never be started.
211        -->
212        <service
212-->[com.google.android.gms:play-services-auth:17.0.0] AndroidManifest.xml:33:9-36:110
213            android:name="com.google.android.gms.auth.api.signin.RevocationBoundService"
213-->[com.google.android.gms:play-services-auth:17.0.0] AndroidManifest.xml:34:13-89
214            android:exported="true"
214-->[com.google.android.gms:play-services-auth:17.0.0] AndroidManifest.xml:35:13-36
215            android:permission="com.google.android.gms.auth.api.signin.permission.REVOCATION_NOTIFICATION" />
215-->[com.google.android.gms:play-services-auth:17.0.0] AndroidManifest.xml:36:13-107
216
217        <activity
217-->[com.google.android.gms:play-services-base:17.1.0] AndroidManifest.xml:23:9-26:75
218            android:name="com.google.android.gms.common.api.GoogleApiActivity"
218-->[com.google.android.gms:play-services-base:17.1.0] AndroidManifest.xml:24:13-79
219            android:exported="false"
219-->[com.google.android.gms:play-services-base:17.1.0] AndroidManifest.xml:25:13-37
220            android:theme="@android:style/Theme.Translucent.NoTitleBar" />
220-->[com.google.android.gms:play-services-base:17.1.0] AndroidManifest.xml:26:13-72
221
222        <provider
222-->[com.google.firebase:firebase-common:20.0.0] AndroidManifest.xml:26:9-31:39
223            android:name="com.google.firebase.provider.FirebaseInitProvider"
223-->[com.google.firebase:firebase-common:20.0.0] AndroidManifest.xml:27:13-77
224            android:authorities="com.example.e_commerce.firebaseinitprovider"
224-->[com.google.firebase:firebase-common:20.0.0] AndroidManifest.xml:28:13-72
225            android:directBootAware="true"
225-->[com.google.firebase:firebase-common:20.0.0] AndroidManifest.xml:29:13-43
226            android:exported="false"
226-->[com.google.firebase:firebase-common:20.0.0] AndroidManifest.xml:30:13-37
227            android:initOrder="100" />
227-->[com.google.firebase:firebase-common:20.0.0] AndroidManifest.xml:31:13-36
228
229        <receiver
229-->[com.google.android.gms:play-services-measurement:19.0.0] AndroidManifest.xml:29:9-33:20
230            android:name="com.google.android.gms.measurement.AppMeasurementReceiver"
230-->[com.google.android.gms:play-services-measurement:19.0.0] AndroidManifest.xml:30:13-85
231            android:enabled="true"
231-->[com.google.android.gms:play-services-measurement:19.0.0] AndroidManifest.xml:31:13-35
232            android:exported="false" >
232-->[com.google.android.gms:play-services-measurement:19.0.0] AndroidManifest.xml:32:13-37
233        </receiver>
234
235        <service
235-->[com.google.android.gms:play-services-measurement:19.0.0] AndroidManifest.xml:35:9-38:40
236            android:name="com.google.android.gms.measurement.AppMeasurementService"
236-->[com.google.android.gms:play-services-measurement:19.0.0] AndroidManifest.xml:36:13-84
237            android:enabled="true"
237-->[com.google.android.gms:play-services-measurement:19.0.0] AndroidManifest.xml:37:13-35
238            android:exported="false" />
238-->[com.google.android.gms:play-services-measurement:19.0.0] AndroidManifest.xml:38:13-37
239        <service
239-->[com.google.android.gms:play-services-measurement:19.0.0] AndroidManifest.xml:39:9-43:72
240            android:name="com.google.android.gms.measurement.AppMeasurementJobService"
240-->[com.google.android.gms:play-services-measurement:19.0.0] AndroidManifest.xml:40:13-87
241            android:enabled="true"
241-->[com.google.android.gms:play-services-measurement:19.0.0] AndroidManifest.xml:41:13-35
242            android:exported="false"
242-->[com.google.android.gms:play-services-measurement:19.0.0] AndroidManifest.xml:42:13-37
243            android:permission="android.permission.BIND_JOB_SERVICE" />
243-->[com.google.android.gms:play-services-measurement:19.0.0] AndroidManifest.xml:43:13-69
244
245        <meta-data
245-->[com.google.android.gms:play-services-basement:17.1.0] AndroidManifest.xml:23:9-25:69
246            android:name="com.google.android.gms.version"
246-->[com.google.android.gms:play-services-basement:17.1.0] AndroidManifest.xml:24:13-58
247            android:value="@integer/google_play_services_version" />
247-->[com.google.android.gms:play-services-basement:17.1.0] AndroidManifest.xml:25:13-66
248    </application>
249
250</manifest>